/**
 * @file adviceOrchestrator.ts
 * @description 建议文案编排：订阅引擎，姿态类别变化 / 同一异常姿态久持 时，异步后台调端侧模型生成「有温度」的提醒，流式写回引擎；规则文案先兜底。
 *   仪表盘永远走规则瞬时显示，绝不等模型；模型只替换建议文案。失败保留规则文案。
 *
 * [WHO] 导出 `createAdviceOrchestrator(engine): {start, stop}`
 * [FROM] 依赖 ./engine、./types、./coachPrompt、./memory/service、./utils、../mnn/inferStreamClient
 * [TO] 被 App.tsx 启动（不碰 UI）
 * [HERE] src/posture/adviceOrchestrator.ts · 模型建议异步编排
 */
import {PostureEngine} from './engine';
import {DashboardState, PostureName} from './types';
import {buildCoachPrompt} from './coachPrompt';
import {MemoryService} from './memory/service';
import {isModelAvailable, streamInfer} from '../mnn/inferStreamClient';
<<<<<<< HEAD
import {logEvent} from '../debug/logBus';
=======
import {ABNORMAL_POSTURES} from './utils';
>>>>>>> 06f708e (feat(rn): 新增 i18n 国际化系统、UI 组件增强与引擎优化)

const MIN_INTERVAL_MS = 12000; // 两次模型调用最小间隔（生成慢，避免堆积）
const HOLD_REPEAT_MS = 120000; // 同一异常姿态久持 → 每 2 分钟再鼓励一次

export type AdviceOrchestrator = {start: () => void; stop: () => void};

export function createAdviceOrchestrator(engine: PostureEngine, memory?: MemoryService): AdviceOrchestrator {
  let lastPosture: PostureName | null = null;
  let lastTriggerTs = 0;
  let inFlight = false;
