diff --git a/package.json b/package.json
index dfc7f4c..1d4a93e 100644
--- a/package.json
+++ b/package.json
@@ -10,13 +10,21 @@
     "web": "expo start --web"
   },
   "dependencies": {
+    "@expo-google-fonts/archivo-black": "^0.4.1",
+    "@expo-google-fonts/inter": "^0.4.2",
+    "@expo-google-fonts/jetbrains-mono": "^0.4.1",
+    "@expo-google-fonts/playfair-display": "^0.4.2",
+    "@tabler/icons-react": "^3.44.0",
+    "@tabler/icons-react-native": "^3.44.0",
     "babel-preset-expo": "~54.0.10",
     "expo": "~54.0.0",
     "expo-build-properties": "~1.0.0",
     "expo-device": "~8.0.10",
     "expo-file-system": "~19.0.0",
+    "expo-font": "~14.0.12",
     "expo-image-picker": "~17.0.11",
     "expo-sensors": "~15.0.0",
+    "expo-splash-screen": "~31.0.13",
     "expo-status-bar": "~3.0.0",
     "react": "19.1.0",
     "react-dom": "19.1.0",
